<?xml version="1.0" encoding="UTF-8"?>

<beans xmlns="http://www.springframework.org/schema/beans"
       xmlns:xsi="http://www.w3.org/2001/XMLSchema-instance"
       xmlns:aop="http://www.springframework.org/schema/aop"
       xmlns:context="http://www.springframework.org/schema/context"
       xmlns:jee="http://www.springframework.org/schema/jee"
       xmlns:p="http://www.springframework.org/schema/p"
       xmlns:tx="http://www.springframework.org/schema/tx"
       xsi:schemaLocation="http://www.springframework.org/schema/beans http://www.springframework.org/schema/beans/spring-beans-3.0.xsd
		http://www.springframework.org/schema/context http://www.springframework.org/schema/context/spring-context-3.0.xsd
		http://www.springframework.org/schema/jee http://www.springframework.org/schema/jee/spring-jee-3.0.xsd
		http://www.springframework.org/schema/tx http://www.springframework.org/schema/tx/spring-tx-3.0.xsd">


    <tx:annotation-driven/>

    <context:component-scan base-package="rs.invado.wo.domain"/>
    <context:component-scan base-package="rs.invado.wo.dao.admin"/>
    <context:component-scan base-package="rs.invado.wo.dao"/>
    <context:component-scan base-package="rs.invado.wo.service"/>

    <bean id="entityManagerFactory" class="org.springframework.orm.jpa.LocalContainerEntityManagerFactoryBean">
        <property name="jpaVendorAdapter">
            <bean class="org.springframework.orm.jpa.vendor.HibernateJpaVendorAdapter"/>
        </property>
        <property name="persistenceXmlLocation" value="classpath*:META-INF/test-persistence.xml"/>
        <property name="dataSource" ref="dataSource"/>
    </bean>

    <bean id="sharedEntityManager" class="org.springframework.orm.jpa.support.SharedEntityManagerBean">
        <property name="entityManagerFactory" ref="entityManagerFactory"/>
    </bean>

    <bean id="transactionManager" class="org.springframework.orm.jpa.JpaTransactionManager">
        <property name="entityManagerFactory" ref="entityManagerFactory"/>
    </bean>


    <!-- <jdbc:embedded-database id="dataSource" type="H2"/>  -->


    <!--
	<jdbc:embedded-database id="dataSource" type="H2"/>
         -->

    <bean id="dataSource" class="org.springframework.jdbc.datasource.DriverManagerDataSource">
        <property name="driverClassName">
            <value>oracle.jdbc.driver.OracleDriver</value>
        </property>
        <property name="url">
            <value>jdbc:oracle:thin:@localhost:1521:orcl</value>
            <!--<value>jdbc:oracle:thin:@10.10.10.170:1526:darex</value>-->
        </property>
        <property name="username">
            <value>darex</value>
        </property>
        <property name="password">
            <value>darex</value>
        </property>
    </bean>


</beans>